<?xml version="1.0" encoding="UTF-8"?>
<testsuite xmlns:xsi="http://www.w3.org/2001/XMLSchema-instance" xsi:noNamespaceSchemaLocation="https://maven.apache.org/surefire/maven-surefire-plugin/xsd/surefire-test-report-3.0.xsd" version="3.0" name="org.softuni.bookshopbg.service.impl.UserServiceImplTest" time="0.904" tests="23" errors="0" skipped="0" failures="0">
  <properties>
[...]
</properties>
  <testcase name="saveTest" classname="org.softuni.bookshopbg.service.impl.UserServiceImplTest" time="0.012">
    <system-out><![CDATA[2023-12-08T11:31:02.777+02:00  INFO 6836 --- [           main] t.c.s.AnnotationConfigContextLoaderUtils : Could not detect default configuration classes for test class [org.softuni.bookshopbg.service.impl.UserServiceImplTest]: UserServiceImplTest does not declare any static, non-private, non-final, nested classes annotated with @Configuration.
2023-12-08T11:31:02.903+02:00  INFO 6836 --- [           main] .b.t.c.SpringBootTestContextBootstrapper : Found @SpringBootConfiguration org.softuni.bookshopbg.BookShopBgApplication for test class org.softuni.bookshopbg.service.impl.UserServiceImplTest
]]></system-out>
  </testcase>
  <testcase name="setUserDefaultShippingTest" classname="org.softuni.bookshopbg.service.impl.UserServiceImplTest" time="0.011"/>
  <testcase name="setDefaultPaymentTest" classname="org.softuni.bookshopbg.service.impl.UserServiceImplTest" time="0.014"/>
  <testcase name="registerTest" classname="org.softuni.bookshopbg.service.impl.UserServiceImplTest" time="0.012"/>
  <testcase name="checkCredentialsTest" classname="org.softuni.bookshopbg.service.impl.UserServiceImplTest" time="0.01"/>
  <testcase name="updateUserBillingTestNull" classname="org.softuni.bookshopbg.service.impl.UserServiceImplTest" time="0.008"/>
  <testcase name="updateUserBillingTest" classname="org.softuni.bookshopbg.service.impl.UserServiceImplTest" time="0.012"/>
  <testcase name="createPasswordResetTokenZForUserTest" classname="org.softuni.bookshopbg.service.impl.UserServiceImplTest" time="0.008"/>
  <testcase name="mapTestAdmin" classname="org.softuni.bookshopbg.service.impl.UserServiceImplTest" time="0.014"/>
  <testcase name="checkCredentialsTestFalse" classname="org.softuni.bookshopbg.service.impl.UserServiceImplTest" time="0.014"/>
  <testcase name="createUserWithExistingUser" classname="org.softuni.bookshopbg.service.impl.UserServiceImplTest" time="0.01">
    <system-out><![CDATA[2023-12-08T11:31:03.437+02:00  INFO 6836 --- [           main] o.s.bookshopbg.service.UserService       : User with username null already exists. Nothing will be done. 
]]></system-out>
  </testcase>
  <testcase name="setDefaultPaymentFalseTest" classname="org.softuni.bookshopbg.service.impl.UserServiceImplTest" time="0.01"/>
  <testcase name="updateUserShippingTest" classname="org.softuni.bookshopbg.service.impl.UserServiceImplTest" time="0.009"/>
  <testcase name="findUserByEmailTestNull" classname="org.softuni.bookshopbg.service.impl.UserServiceImplTest" time="0.011"/>
  <testcase name="findUserByEmailTest" classname="org.softuni.bookshopbg.service.impl.UserServiceImplTest" time="0.008"/>
  <testcase name="createUserWIthUserRoleTest" classname="org.softuni.bookshopbg.service.impl.UserServiceImplTest" time="0.016"/>
  <testcase name="mapTest" classname="org.softuni.bookshopbg.service.impl.UserServiceImplTest" time="0.012"/>
  <testcase name="setUserDefaultShippingFalseTest" classname="org.softuni.bookshopbg.service.impl.UserServiceImplTest" time="0.01"/>
  <testcase name="getPasswordResetTokenTest" classname="org.softuni.bookshopbg.service.impl.UserServiceImplTest" time="0.01"/>
  <testcase name="findByIdTest" classname="org.softuni.bookshopbg.service.impl.UserServiceImplTest" time="0.01"/>
  <testcase name="updateUserShippingTestNull" classname="org.softuni.bookshopbg.service.impl.UserServiceImplTest" time="0.009"/>
  <testcase name="findUserByUsernameTest" classname="org.softuni.bookshopbg.service.impl.UserServiceImplTest" time="0.015"/>
  <testcase name="createUserWithAdminRoleTest" classname="org.softuni.bookshopbg.service.impl.UserServiceImplTest" time="0.018"/>
</testsuite>